-------------------------------------------------------------------------------
Test set: RunnerTest
-------------------------------------------------------------------------------
Tests run: 6, Failures: 3, Errors: 2, Skipped: 0, Time elapsed: 14.49 s <<< FAILURE! - in RunnerTest
Get 601 error(Negative Tests)  Time elapsed: 7.559 s  <<< FAILURE!
java.lang.AssertionError: 
After the test run, there were discrepancies in the values.
Test failed. Additional information is available in the logs.

Get 103 error(Negative Tests)  Time elapsed: 0.751 s  <<< FAILURE!
java.lang.AssertionError: 
After the test run, there were discrepancies in the values.
Test failed. Additional information is available in the logs.

Get 615 error(Negative Tests)  Time elapsed: 0.62 s  <<< FAILURE!
java.lang.AssertionError: 
After the test run, there were discrepancies in the values.
Test failed. Additional information is available in the logs.

Send request to current weather by 1 city(Positive Tests)  Time elapsed: 0.6 s  <<< ERROR!
groovy.json.JsonException: 
Cannot parse response body.
Your body: 
{
  "success": false,
  "error": {
    "code": 101,
    "type": "missing_access_key",
    "info": "You have not supplied an API Access Key. [Required format: access_key=YOUR_ACCESS_KEY]"
  }
}


Unrecognized field "success" (class lib.models.CurrentWeatherModel), not marked as ignorable (3 known properties: "current", "location", "request"])
 at [Source: (String)"{
  "success": false,
  "error": {
    "code": 101,
    "type": "missing_access_key",
    "info": "You have not supplied an API Access Key. [Required format: access_key=YOUR_ACCESS_KEY]"
  }
}
"; line: 2, column: 19] (through reference chain: lib.models.CurrentWeatherModel["success"])

Send request to current weather by 4 cities(Positive Tests)  Time elapsed: 2.22 s  <<< ERROR!
groovy.json.JsonException: 
Cannot parse response body.
Your body: 
{
  "success": false,
  "error": {
    "code": 101,
    "type": "missing_access_key",
    "info": "You have not supplied an API Access Key. [Required format: access_key=YOUR_ACCESS_KEY]"
  }
}


Unrecognized field "success" (class lib.models.CurrentWeatherModel), not marked as ignorable (3 known properties: "current", "location", "request"])
 at [Source: (String)"{
  "success": false,
  "error": {
    "code": 101,
    "type": "missing_access_key",
    "info": "You have not supplied an API Access Key. [Required format: access_key=YOUR_ACCESS_KEY]"
  }
}
"; line: 2, column: 19] (through reference chain: lib.models.CurrentWeatherModel["success"])

