<?xml version="1.0" encoding="UTF-8"?>
<testsuite xmlns:xsi="http://www.w3.org/2001/XMLSchema-instance" xsi:noNamespaceSchemaLocation="https://maven.apache.org/surefire/maven-surefire-plugin/xsd/surefire-test-report.xsd" name="RunnerTest" time="14.49" tests="6" errors="2" skipped="0" failures="3">
  <properties>
[...]
</properties>
  <testcase name="Get 601 error" classname="Negative Tests" time="7.559">
    <failure message="After the test run, there were discrepancies in the values.&#10;Test failed. Additional information is available in the logs." type="java.lang.AssertionError">java.lang.AssertionError: 
After the test run, there were discrepancies in the values.
Test failed. Additional information is available in the logs.
</failure>
    <system-err><![CDATA[log4j:WARN No appenders could be found for logger (org.apache.http.impl.conn.BasicClientConnectionManager).
log4j:WARN Please initialize the log4j system properly.
log4j:WARN See http://logging.apache.org/log4j/1.2/faq.html#noconfig for more info.
]]></system-err>
  </testcase>
  <testcase name="Get 101 error" classname="Negative Tests" time="0.517"/>
  <testcase name="Get 103 error" classname="Negative Tests" time="0.751">
    <failure message="After the test run, there were discrepancies in the values.&#10;Test failed. Additional information is available in the logs." type="java.lang.AssertionError">java.lang.AssertionError: 
After the test run, there were discrepancies in the values.
Test failed. Additional information is available in the logs.
</failure>
  </testcase>
  <testcase name="Get 615 error" classname="Negative Tests" time="0.62">
    <failure message="After the test run, there were discrepancies in the values.&#10;Test failed. Additional information is available in the logs." type="java.lang.AssertionError">java.lang.AssertionError: 
After the test run, there were discrepancies in the values.
Test failed. Additional information is available in the logs.
</failure>
  </testcase>
  <testcase name="Send request to current weather by 1 city" classname="Positive Tests" time="0.6">
    <error message="Cannot parse response body.&#10;Your body: &#10;{&#10;  &quot;success&quot;: false,&#10;  &quot;error&quot;: {&#10;    &quot;code&quot;: 101,&#10;    &quot;type&quot;: &quot;missing_access_key&quot;,&#10;    &quot;info&quot;: &quot;You have not supplied an API Access Key. [Required format: access_key=YOUR_ACCESS_KEY]&quot;&#10;  }&#10;}&#10;&#10;&#10;Unrecognized field &quot;success&quot; (class lib.models.CurrentWeatherModel), not marked as ignorable (3 known properties: &quot;current&quot;, &quot;location&quot;, &quot;request&quot;])&#10; at [Source: (String)&quot;{&#10;  &quot;success&quot;: false,&#10;  &quot;error&quot;: {&#10;    &quot;code&quot;: 101,&#10;    &quot;type&quot;: &quot;missing_access_key&quot;,&#10;    &quot;info&quot;: &quot;You have not supplied an API Access Key. [Required format: access_key=YOUR_ACCESS_KEY]&quot;&#10;  }&#10;}&#10;&quot;; line: 2, column: 19] (through reference chain: lib.models.CurrentWeatherModel[&quot;success&quot;])" type="groovy.json.JsonException">groovy.json.JsonException: 
Cannot parse response body.
Your body: 
{
  "success": false,
  "error": {
    "code": 101,
    "type": "missing_access_key",
    "info": "You have not supplied an API Access Key. [Required format: access_key=YOUR_ACCESS_KEY]"
  }
}


Unrecognized field "success" (class lib.models.CurrentWeatherModel), not marked as ignorable (3 known properties: "current", "location", "request"])
 at [Source: (String)"{
  "success": false,
  "error": {
    "code": 101,
    "type": "missing_access_key",
    "info": "You have not supplied an API Access Key. [Required format: access_key=YOUR_ACCESS_KEY]"
  }
}
"; line: 2, column: 19] (through reference chain: lib.models.CurrentWeatherModel["success"])
</error>
  </testcase>
  <testcase name="Send request to current weather by 4 cities" classname="Positive Tests" time="2.22">
    <error message="Cannot parse response body.&#10;Your body: &#10;{&#10;  &quot;success&quot;: false,&#10;  &quot;error&quot;: {&#10;    &quot;code&quot;: 101,&#10;    &quot;type&quot;: &quot;missing_access_key&quot;,&#10;    &quot;info&quot;: &quot;You have not supplied an API Access Key. [Required format: access_key=YOUR_ACCESS_KEY]&quot;&#10;  }&#10;}&#10;&#10;&#10;Unrecognized field &quot;success&quot; (class lib.models.CurrentWeatherModel), not marked as ignorable (3 known properties: &quot;current&quot;, &quot;location&quot;, &quot;request&quot;])&#10; at [Source: (String)&quot;{&#10;  &quot;success&quot;: false,&#10;  &quot;error&quot;: {&#10;    &quot;code&quot;: 101,&#10;    &quot;type&quot;: &quot;missing_access_key&quot;,&#10;    &quot;info&quot;: &quot;You have not supplied an API Access Key. [Required format: access_key=YOUR_ACCESS_KEY]&quot;&#10;  }&#10;}&#10;&quot;; line: 2, column: 19] (through reference chain: lib.models.CurrentWeatherModel[&quot;success&quot;])" type="groovy.json.JsonException">groovy.json.JsonException: 
Cannot parse response body.
Your body: 
{
  "success": false,
  "error": {
    "code": 101,
    "type": "missing_access_key",
    "info": "You have not supplied an API Access Key. [Required format: access_key=YOUR_ACCESS_KEY]"
  }
}


Unrecognized field "success" (class lib.models.CurrentWeatherModel), not marked as ignorable (3 known properties: "current", "location", "request"])
 at [Source: (String)"{
  "success": false,
  "error": {
    "code": 101,
    "type": "missing_access_key",
    "info": "You have not supplied an API Access Key. [Required format: access_key=YOUR_ACCESS_KEY]"
  }
}
"; line: 2, column: 19] (through reference chain: lib.models.CurrentWeatherModel["success"])
</error>
  </testcase>
</testsuite>