{"name":"Get 601 error","status":"failed","statusDetails":{"known":false,"muted":false,"flaky":false,"message":"After the test run, there were discrepancies in the values.\nTest failed. Additional information is available in the logs.","trace":"java.lang.AssertionError: After the test run, there were discrepancies in the values.\nTest failed. Additional information is available in the logs.\r\n\tat lib.CoreTestCase.checkLogs(CoreTestCase.java:51)\r\n\tat lib.CoreTestCase.resetAll(CoreTestCase.java:31)\r\n"},"stage":"finished","steps":[{"name":"Set up test env","status":"passed","stage":"finished","steps":[{"name":"Set base URI for tests","status":"passed","stage":"finished","steps":[],"attachments":[],"parameters":[],"start":1644754121756,"stop":1644754123021}],"attachments":[],"parameters":[{"name":"scenario","value":"io.cucumber.java.Scenario@582a764a"}],"start":1644754121756,"stop":1644754123021},{"name":"Get auth token from system ENV","status":"passed","stage":"finished","steps":[],"attachments":[],"parameters":[],"start":1644754123036,"stop":1644754123036},{"name":"Set request path: 'current'","status":"passed","stage":"finished","steps":[],"attachments":[],"parameters":[{"name":"requestPath","value":"current"}],"start":1644754123040,"stop":1644754123040},{"name":"Set auth query param to request","status":"passed","stage":"finished","steps":[],"attachments":[],"parameters":[],"start":1644754123040,"stop":1644754123395},{"name":"Send GET request","status":"passed","stage":"finished","steps":[],"attachments":[],"parameters":[],"start":1644754123400,"stop":1644754126235},{"name":"Processing response bodies by type: 'Error'","status":"passed","stage":"finished","steps":[{"name":"Select class to parse by type","status":"passed","stage":"finished","steps":[],"attachments":[],"parameters":[],"start":1644754126235,"stop":1644754126235},{"name":"Parse response bodies to POJO","status":"passed","stage":"finished","steps":[],"attachments":[],"parameters":[],"start":1644754126300,"stop":1644754126658}],"attachments":[],"parameters":[{"name":"requestName","value":"Error"}],"start":1644754126235,"stop":1644754126658},{"name":"Create expected models by names","status":"passed","stage":"finished","steps":[{"name":"Create expected errors models","status":"passed","stage":"finished","steps":[],"attachments":[],"parameters":[],"start":1644754126670,"stop":1644754126685}],"attachments":[],"parameters":[{"name":"modelsNames","value":"[code_601]"}],"start":1644754126670,"stop":1644754126685},{"name":"Compare expected and actual results","status":"passed","stage":"finished","steps":[{"name":"Compare bodies fields","status":"passed","stage":"finished","steps":[],"attachments":[],"parameters":[],"start":1644754127186,"stop":1644754128795}],"attachments":[],"parameters":[],"start":1644754126685,"stop":1644754128799},{"name":"Reset test env","status":"failed","statusDetails":{"known":false,"muted":false,"flaky":false,"message":"After the test run, there were discrepancies in the values.\nTest failed. Additional information is available in the logs.","trace":"java.lang.AssertionError: After the test run, there were discrepancies in the values.\nTest failed. Additional information is available in the logs.\r\n\tat lib.CoreTestCase.checkLogs(CoreTestCase.java:51)\r\n\tat lib.CoreTestCase.resetAll(CoreTestCase.java:31)\r\n\tat sun.reflect.NativeMethodAccessorImpl.invoke0(Native Method)\r\n\tat sun.reflect.NativeMethodAccessorImpl.invoke(NativeMethodAccessorImpl.java:62)\r\n\tat sun.reflect.DelegatingMethodAccessorImpl.invoke(DelegatingMethodAccessorImpl.java:43)\r\n\tat java.lang.reflect.Method.invoke(Method.java:498)\r\n\tat io.cucumber.java.Invoker.doInvoke(Invoker.java:66)\r\n\tat io.cucumber.java.Invoker.invoke(Invoker.java:24)\r\n\tat io.cucumber.java.AbstractGlueDefinition.invokeMethod(AbstractGlueDefinition.java:47)\r\n\tat io.cucumber.java.JavaHookDefinition.execute(JavaHookDefinition.java:64)\r\n\tat io.cucumber.core.runner.CoreHookDefinition.execute(CoreHookDefinition.java:46)\r\n\tat io.cucumber.core.runner.HookDefinitionMatch.runStep(HookDefinitionMatch.java:21)\r\n\tat io.cucumber.core.runner.ExecutionMode$1.execute(ExecutionMode.java:10)\r\n\tat io.cucumber.core.runner.TestStep.executeStep(TestStep.java:86)\r\n\tat io.cucumber.core.runner.TestStep.run(TestStep.java:57)\r\n\tat io.cucumber.core.runner.TestCase.run(TestCase.java:101)\r\n\tat io.cucumber.core.runner.Runner.runPickle(Runner.java:75)\r\n\tat io.cucumber.junit.PickleRunners$NoStepDescriptions.lambda$run$0(PickleRunners.java:151)\r\n\tat io.cucumber.core.runtime.CucumberExecutionContext.lambda$runTestCase$3(CucumberExecutionContext.java:110)\r\n\tat io.cucumber.core.runtime.RethrowingThrowableCollector.executeAndThrow(RethrowingThrowableCollector.java:23)\r\n\tat io.cucumber.core.runtime.CucumberExecutionContext.runTestCase(CucumberExecutionContext.java:110)\r\n\tat io.cucumber.junit.PickleRunners$NoStepDescriptions.run(PickleRunners.java:148)\r\n\tat io.cucumber.junit.FeatureRunner.runChild(FeatureRunner.java:144)\r\n\tat io.cucumber.junit.FeatureRunner.runChild(FeatureRunner.java:28)\r\n\tat org.junit.runners.ParentRunner$3.run(ParentRunner.java:290)\r\n\tat org.junit.runners.ParentRunner$1.schedule(ParentRunner.java:71)\r\n\tat org.junit.runners.ParentRunner.runChildren(ParentRunner.java:288)\r\n\tat org.junit.runners.ParentRunner.access$000(ParentRunner.java:58)\r\n\tat org.junit.runners.ParentRunner$2.evaluate(ParentRunner.java:268)\r\n\tat org.junit.runners.ParentRunner.run(ParentRunner.java:363)\r\n\tat io.cucumber.junit.FeatureRunner.run(FeatureRunner.java:137)\r\n\tat io.cucumber.junit.Cucumber.runChild(Cucumber.java:196)\r\n\tat io.cucumber.junit.Cucumber.runChild(Cucumber.java:89)\r\n\tat org.junit.runners.ParentRunner$3.run(ParentRunner.java:290)\r\n\tat org.junit.runners.ParentRunner$1.schedule(ParentRunner.java:71)\r\n\tat org.junit.runners.ParentRunner.runChildren(ParentRunner.java:288)\r\n\tat org.junit.runners.ParentRunner.access$000(ParentRunner.java:58)\r\n\tat org.junit.runners.ParentRunner$2.evaluate(ParentRunner.java:268)\r\n\tat io.cucumber.junit.Cucumber$RunBeforeAllHooks.evaluate(Cucumber.java:266)\r\n\tat io.cucumber.junit.Cucumber$RunAfterAllHooks.evaluate(Cucumber.java:281)\r\n\tat io.cucumber.junit.Cucumber$StartTestRun.evaluate(Cucumber.java:233)\r\n\tat io.cucumber.junit.Cucumber$FinishTestRun.evaluate(Cucumber.java:248)\r\n\tat org.junit.runners.ParentRunner.run(ParentRunner.java:363)\r\n\tat org.apache.maven.surefire.junit4.JUnit4Provider.execute(JUnit4Provider.java:365)\r\n\tat org.apache.maven.surefire.junit4.JUnit4Provider.executeWithRerun(JUnit4Provider.java:273)\r\n\tat org.apache.maven.surefire.junit4.JUnit4Provider.executeTestSet(JUnit4Provider.java:238)\r\n\tat org.apache.maven.surefire.junit4.JUnit4Provider.invoke(JUnit4Provider.java:159)\r\n\tat org.apache.maven.surefire.booter.ForkedBooter.invokeProviderInSameClassLoader(ForkedBooter.java:384)\r\n\tat org.apache.maven.surefire.booter.ForkedBooter.runSuitesInProcess(ForkedBooter.java:345)\r\n\tat org.apache.maven.surefire.booter.ForkedBooter.execute(ForkedBooter.java:126)\r\n\tat org.apache.maven.surefire.booter.ForkedBooter.main(ForkedBooter.java:418)\r\n"},"stage":"finished","steps":[{"name":"Check logs for errors after test-run","status":"failed","statusDetails":{"known":false,"muted":false,"flaky":false,"message":"After the test run, there were discrepancies in the values.\nTest failed. Additional information is available in the logs.","trace":"java.lang.AssertionError: After the test run, there were discrepancies in the values.\nTest failed. Additional information is available in the logs.\r\n\tat lib.CoreTestCase.checkLogs(CoreTestCase.java:51)\r\n\tat lib.CoreTestCase.resetAll(CoreTestCase.java:31)\r\n\tat sun.reflect.NativeMethodAccessorImpl.invoke0(Native Method)\r\n\tat sun.reflect.NativeMethodAccessorImpl.invoke(NativeMethodAccessorImpl.java:62)\r\n\tat sun.reflect.DelegatingMethodAccessorImpl.invoke(DelegatingMethodAccessorImpl.java:43)\r\n\tat java.lang.reflect.Method.invoke(Method.java:498)\r\n\tat io.cucumber.java.Invoker.doInvoke(Invoker.java:66)\r\n\tat io.cucumber.java.Invoker.invoke(Invoker.java:24)\r\n\tat io.cucumber.java.AbstractGlueDefinition.invokeMethod(AbstractGlueDefinition.java:47)\r\n\tat io.cucumber.java.JavaHookDefinition.execute(JavaHookDefinition.java:64)\r\n\tat io.cucumber.core.runner.CoreHookDefinition.execute(CoreHookDefinition.java:46)\r\n\tat io.cucumber.core.runner.HookDefinitionMatch.runStep(HookDefinitionMatch.java:21)\r\n\tat io.cucumber.core.runner.ExecutionMode$1.execute(ExecutionMode.java:10)\r\n\tat io.cucumber.core.runner.TestStep.executeStep(TestStep.java:86)\r\n\tat io.cucumber.core.runner.TestStep.run(TestStep.java:57)\r\n\tat io.cucumber.core.runner.TestCase.run(TestCase.java:101)\r\n\tat io.cucumber.core.runner.Runner.runPickle(Runner.java:75)\r\n\tat io.cucumber.junit.PickleRunners$NoStepDescriptions.lambda$run$0(PickleRunners.java:151)\r\n\tat io.cucumber.core.runtime.CucumberExecutionContext.lambda$runTestCase$3(CucumberExecutionContext.java:110)\r\n\tat io.cucumber.core.runtime.RethrowingThrowableCollector.executeAndThrow(RethrowingThrowableCollector.java:23)\r\n\tat io.cucumber.core.runtime.CucumberExecutionContext.runTestCase(CucumberExecutionContext.java:110)\r\n\tat io.cucumber.junit.PickleRunners$NoStepDescriptions.run(PickleRunners.java:148)\r\n\tat io.cucumber.junit.FeatureRunner.runChild(FeatureRunner.java:144)\r\n\tat io.cucumber.junit.FeatureRunner.runChild(FeatureRunner.java:28)\r\n\tat org.junit.runners.ParentRunner$3.run(ParentRunner.java:290)\r\n\tat org.junit.runners.ParentRunner$1.schedule(ParentRunner.java:71)\r\n\tat org.junit.runners.ParentRunner.runChildren(ParentRunner.java:288)\r\n\tat org.junit.runners.ParentRunner.access$000(ParentRunner.java:58)\r\n\tat org.junit.runners.ParentRunner$2.evaluate(ParentRunner.java:268)\r\n\tat org.junit.runners.ParentRunner.run(ParentRunner.java:363)\r\n\tat io.cucumber.junit.FeatureRunner.run(FeatureRunner.java:137)\r\n\tat io.cucumber.junit.Cucumber.runChild(Cucumber.java:196)\r\n\tat io.cucumber.junit.Cucumber.runChild(Cucumber.java:89)\r\n\tat org.junit.runners.ParentRunner$3.run(ParentRunner.java:290)\r\n\tat org.junit.runners.ParentRunner$1.schedule(ParentRunner.java:71)\r\n\tat org.junit.runners.ParentRunner.runChildren(ParentRunner.java:288)\r\n\tat org.junit.runners.ParentRunner.access$000(ParentRunner.java:58)\r\n\tat org.junit.runners.ParentRunner$2.evaluate(ParentRunner.java:268)\r\n\tat io.cucumber.junit.Cucumber$RunBeforeAllHooks.evaluate(Cucumber.java:266)\r\n\tat io.cucumber.junit.Cucumber$RunAfterAllHooks.evaluate(Cucumber.java:281)\r\n\tat io.cucumber.junit.Cucumber$StartTestRun.evaluate(Cucumber.java:233)\r\n\tat io.cucumber.junit.Cucumber$FinishTestRun.evaluate(Cucumber.java:248)\r\n\tat org.junit.runners.ParentRunner.run(ParentRunner.java:363)\r\n\tat org.apache.maven.surefire.junit4.JUnit4Provider.execute(JUnit4Provider.java:365)\r\n\tat org.apache.maven.surefire.junit4.JUnit4Provider.executeWithRerun(JUnit4Provider.java:273)\r\n\tat org.apache.maven.surefire.junit4.JUnit4Provider.executeTestSet(JUnit4Provider.java:238)\r\n\tat org.apache.maven.surefire.junit4.JUnit4Provider.invoke(JUnit4Provider.java:159)\r\n\tat org.apache.maven.surefire.booter.ForkedBooter.invokeProviderInSameClassLoader(ForkedBooter.java:384)\r\n\tat org.apache.maven.surefire.booter.ForkedBooter.runSuitesInProcess(ForkedBooter.java:345)\r\n\tat org.apache.maven.surefire.booter.ForkedBooter.execute(ForkedBooter.java:126)\r\n\tat org.apache.maven.surefire.booter.ForkedBooter.main(ForkedBooter.java:418)\r\n"},"stage":"finished","steps":[],"attachments":[{"name":"Assert bodies logs","source":"de97b962-6390-404c-be7f-2a73ad3e82e2-attachment","type":"text/plain"}],"parameters":[],"start":1644754128799,"stop":1644754128819}],"attachments":[],"parameters":[],"start":1644754128799,"stop":1644754128819}],"attachments":[],"parameters":[],"start":1644754121345,"stop":1644754128843,"uuid":"2ef02f3c-35cb-437b-b9b4-9d35827b19b3","historyId":"9ade5b298e90beb35f531b9a52b83256","fullName":"Negative Tests.Get 601 error","labels":[{"name":"package","value":""},{"name":"testClass","value":"Negative Tests"},{"name":"testMethod","value":"Get 601 error"},{"name":"suite","value":"Negative Tests"},{"name":"host","value":"NB_"},{"name":"thread","value":"20728@NB_.main(1)"},{"name":"framework","value":"junit4"},{"name":"language","value":"java"}],"links":[]}