{"name":"Send request to current weather by 4 cities","status":"broken","statusDetails":{"known":false,"muted":false,"flaky":false,"message":"Cannot write logs to fileC:\\Users\\Eugen\\Documents\\GitKraken\\weatherstack_tests\\cucumber_weatherstack_tests\\target\\logs\\Send request to current weather by 4 cities-1644754047816.txt","trace":"java.lang.RuntimeException: Cannot write logs to fileC:\\Users\\Eugen\\Documents\\GitKraken\\weatherstack_tests\\cucumber_weatherstack_tests\\target\\logs\\Send request to current weather by 4 cities-1644754047816.txt\r\n\tat lib.methods.any_methods.Logger.getAssertBodiesReportLogs(Logger.java:35)\r\n\tat lib.CoreTestCase.checkLogs(CoreTestCase.java:49)\r\n\tat lib.CoreTestCase.resetAll(CoreTestCase.java:31)\r\n"},"stage":"finished","steps":[{"name":"Set up test env","status":"passed","stage":"finished","steps":[{"name":"Set base URI for tests","status":"passed","stage":"finished","steps":[],"attachments":[],"parameters":[],"start":1644754046132,"stop":1644754046132}],"attachments":[],"parameters":[{"name":"scenario","value":"io.cucumber.java.Scenario@5c81ddab"}],"start":1644754046132,"stop":1644754046132},{"name":"Get auth token from system ENV","status":"passed","stage":"finished","steps":[],"attachments":[],"parameters":[],"start":1644754046132,"stop":1644754046132},{"name":"Set request path: 'current'","status":"passed","stage":"finished","steps":[],"attachments":[],"parameters":[{"name":"requestPath","value":"current"}],"start":1644754046132,"stop":1644754046132},{"name":"Set query param","status":"passed","stage":"finished","steps":[],"attachments":[],"parameters":[{"name":"cityName","value":"[Moscow, New York, Berlin, London]"}],"start":1644754046132,"stop":1644754046132},{"name":"Set auth query param to request","status":"passed","stage":"finished","steps":[],"attachments":[],"parameters":[],"start":1644754046132,"stop":1644754046132},{"name":"Send GET request","status":"passed","stage":"finished","steps":[],"attachments":[],"parameters":[],"start":1644754046132,"stop":1644754047806},{"name":"Processing response bodies by type: 'Current'","status":"broken","statusDetails":{"known":false,"muted":false,"flaky":false,"message":"Cannot parse response body.\nYour body: \n{\n  \"success\": false,\n  \"error\": {\n    \"code\": 101,\n    \"type\": \"missing_access_key\",\n    \"info\": \"You have not supplied an API Access Key. [Required format: access_key=YOUR_ACCESS_KEY]\"\n  }\n}\n\n\nUnrecognized field \"success\" (class lib.models.CurrentWeatherModel), not marked as ignorable (3 known properties: \"current\", \"location\", \"request\"])\n at [Source: (String)\"{\n  \"success\": false,\n  \"error\": {\n    \"code\": 101,\n    \"type\": \"missing_access_key\",\n    \"info\": \"You have not supplied an API Access Key. [Required format: access_key=YOUR_ACCESS_KEY]\"\n  }\n}\n\"; line: 2, column: 19] (through reference chain: lib.models.CurrentWeatherModel[\"success\"])","trace":"groovy.json.JsonException: Cannot parse response body.\nYour body: \n{\n  \"success\": false,\n  \"error\": {\n    \"code\": 101,\n    \"type\": \"missing_access_key\",\n    \"info\": \"You have not supplied an API Access Key. [Required format: access_key=YOUR_ACCESS_KEY]\"\n  }\n}\n\n\nUnrecognized field \"success\" (class lib.models.CurrentWeatherModel), not marked as ignorable (3 known properties: \"current\", \"location\", \"request\"])\n at [Source: (String)\"{\n  \"success\": false,\n  \"error\": {\n    \"code\": 101,\n    \"type\": \"missing_access_key\",\n    \"info\": \"You have not supplied an API Access Key. [Required format: access_key=YOUR_ACCESS_KEY]\"\n  }\n}\n\"; line: 2, column: 19] (through reference chain: lib.models.CurrentWeatherModel[\"success\"])\r\n\tat lib.models.ModelParser.parseModel(ModelParser.java:25)\r\n\tat lib.methods.API_methods.ResponseMethods.parseModels(ResponseMethods.java:34)\r\n\tat lib.methods.API_methods.ResponseMethods.processingResponseBody(ResponseMethods.java:29)\r\n\tat sun.reflect.NativeMethodAccessorImpl.invoke0(Native Method)\r\n\tat sun.reflect.NativeMethodAccessorImpl.invoke(NativeMethodAccessorImpl.java:62)\r\n\tat sun.reflect.DelegatingMethodAccessorImpl.invoke(DelegatingMethodAccessorImpl.java:43)\r\n\tat java.lang.reflect.Method.invoke(Method.java:498)\r\n\tat io.cucumber.java.Invoker.doInvoke(Invoker.java:66)\r\n\tat io.cucumber.java.Invoker.invoke(Invoker.java:24)\r\n\tat io.cucumber.java.AbstractGlueDefinition.invokeMethod(AbstractGlueDefinition.java:47)\r\n\tat io.cucumber.java.JavaStepDefinition.execute(JavaStepDefinition.java:29)\r\n\tat io.cucumber.core.runner.CoreStepDefinition.execute(CoreStepDefinition.java:66)\r\n\tat io.cucumber.core.runner.PickleStepDefinitionMatch.runStep(PickleStepDefinitionMatch.java:63)\r\n\tat io.cucumber.core.runner.ExecutionMode$1.execute(ExecutionMode.java:10)\r\n\tat io.cucumber.core.runner.TestStep.executeStep(TestStep.java:86)\r\n\tat io.cucumber.core.runner.TestStep.run(TestStep.java:57)\r\n\tat io.cucumber.core.runner.PickleStepTestStep.run(PickleStepTestStep.java:51)\r\n\tat io.cucumber.core.runner.TestCase.run(TestCase.java:95)\r\n\tat io.cucumber.core.runner.Runner.runPickle(Runner.java:75)\r\n\tat io.cucumber.junit.PickleRunners$NoStepDescriptions.lambda$run$0(PickleRunners.java:151)\r\n\tat io.cucumber.core.runtime.CucumberExecutionContext.lambda$runTestCase$3(CucumberExecutionContext.java:110)\r\n\tat io.cucumber.core.runtime.RethrowingThrowableCollector.executeAndThrow(RethrowingThrowableCollector.java:23)\r\n\tat io.cucumber.core.runtime.CucumberExecutionContext.runTestCase(CucumberExecutionContext.java:110)\r\n\tat io.cucumber.junit.PickleRunners$NoStepDescriptions.run(PickleRunners.java:148)\r\n\tat io.cucumber.junit.FeatureRunner.runChild(FeatureRunner.java:144)\r\n\tat io.cucumber.junit.FeatureRunner.runChild(FeatureRunner.java:28)\r\n\tat org.junit.runners.ParentRunner$3.run(ParentRunner.java:290)\r\n\tat org.junit.runners.ParentRunner$1.schedule(ParentRunner.java:71)\r\n\tat org.junit.runners.ParentRunner.runChildren(ParentRunner.java:288)\r\n\tat org.junit.runners.ParentRunner.access$000(ParentRunner.java:58)\r\n\tat org.junit.runners.ParentRunner$2.evaluate(ParentRunner.java:268)\r\n\tat org.junit.runners.ParentRunner.run(ParentRunner.java:363)\r\n\tat io.cucumber.junit.FeatureRunner.run(FeatureRunner.java:137)\r\n\tat io.cucumber.junit.Cucumber.runChild(Cucumber.java:196)\r\n\tat io.cucumber.junit.Cucumber.runChild(Cucumber.java:89)\r\n\tat org.junit.runners.ParentRunner$3.run(ParentRunner.java:290)\r\n\tat org.junit.runners.ParentRunner$1.schedule(ParentRunner.java:71)\r\n\tat org.junit.runners.ParentRunner.runChildren(ParentRunner.java:288)\r\n\tat org.junit.runners.ParentRunner.access$000(ParentRunner.java:58)\r\n\tat org.junit.runners.ParentRunner$2.evaluate(ParentRunner.java:268)\r\n\tat io.cucumber.junit.Cucumber$RunBeforeAllHooks.evaluate(Cucumber.java:266)\r\n\tat io.cucumber.junit.Cucumber$RunAfterAllHooks.evaluate(Cucumber.java:281)\r\n\tat io.cucumber.junit.Cucumber$StartTestRun.evaluate(Cucumber.java:233)\r\n\tat io.cucumber.junit.Cucumber$FinishTestRun.evaluate(Cucumber.java:248)\r\n\tat org.junit.runners.ParentRunner.run(ParentRunner.java:363)\r\n\tat org.apache.maven.surefire.junit4.JUnit4Provider.execute(JUnit4Provider.java:365)\r\n\tat org.apache.maven.surefire.junit4.JUnit4Provider.executeWithRerun(JUnit4Provider.java:273)\r\n\tat org.apache.maven.surefire.junit4.JUnit4Provider.executeTestSet(JUnit4Provider.java:238)\r\n\tat org.apache.maven.surefire.junit4.JUnit4Provider.invoke(JUnit4Provider.java:159)\r\n\tat org.apache.maven.surefire.booter.ForkedBooter.invokeProviderInSameClassLoader(ForkedBooter.java:384)\r\n\tat org.apache.maven.surefire.booter.ForkedBooter.runSuitesInProcess(ForkedBooter.java:345)\r\n\tat org.apache.maven.surefire.booter.ForkedBooter.execute(ForkedBooter.java:126)\r\n\tat org.apache.maven.surefire.booter.ForkedBooter.main(ForkedBooter.java:418)\r\n"},"stage":"finished","steps":[{"name":"Select class to parse by type","status":"passed","stage":"finished","steps":[],"attachments":[],"parameters":[],"start":1644754047806,"stop":1644754047806},{"name":"Parse response bodies to POJO","status":"broken","statusDetails":{"known":false,"muted":false,"flaky":false,"message":"Cannot parse response body.\nYour body: \n{\n  \"success\": false,\n  \"error\": {\n    \"code\": 101,\n    \"type\": \"missing_access_key\",\n    \"info\": \"You have not supplied an API Access Key. [Required format: access_key=YOUR_ACCESS_KEY]\"\n  }\n}\n\n\nUnrecognized field \"success\" (class lib.models.CurrentWeatherModel), not marked as ignorable (3 known properties: \"current\", \"location\", \"request\"])\n at [Source: (String)\"{\n  \"success\": false,\n  \"error\": {\n    \"code\": 101,\n    \"type\": \"missing_access_key\",\n    \"info\": \"You have not supplied an API Access Key. [Required format: access_key=YOUR_ACCESS_KEY]\"\n  }\n}\n\"; line: 2, column: 19] (through reference chain: lib.models.CurrentWeatherModel[\"success\"])","trace":"groovy.json.JsonException: Cannot parse response body.\nYour body: \n{\n  \"success\": false,\n  \"error\": {\n    \"code\": 101,\n    \"type\": \"missing_access_key\",\n    \"info\": \"You have not supplied an API Access Key. [Required format: access_key=YOUR_ACCESS_KEY]\"\n  }\n}\n\n\nUnrecognized field \"success\" (class lib.models.CurrentWeatherModel), not marked as ignorable (3 known properties: \"current\", \"location\", \"request\"])\n at [Source: (String)\"{\n  \"success\": false,\n  \"error\": {\n    \"code\": 101,\n    \"type\": \"missing_access_key\",\n    \"info\": \"You have not supplied an API Access Key. [Required format: access_key=YOUR_ACCESS_KEY]\"\n  }\n}\n\"; line: 2, column: 19] (through reference chain: lib.models.CurrentWeatherModel[\"success\"])\r\n\tat lib.models.ModelParser.parseModel(ModelParser.java:25)\r\n\tat lib.methods.API_methods.ResponseMethods.parseModels(ResponseMethods.java:34)\r\n\tat lib.methods.API_methods.ResponseMethods.processingResponseBody(ResponseMethods.java:29)\r\n\tat sun.reflect.NativeMethodAccessorImpl.invoke0(Native Method)\r\n\tat sun.reflect.NativeMethodAccessorImpl.invoke(NativeMethodAccessorImpl.java:62)\r\n\tat sun.reflect.DelegatingMethodAccessorImpl.invoke(DelegatingMethodAccessorImpl.java:43)\r\n\tat java.lang.reflect.Method.invoke(Method.java:498)\r\n\tat io.cucumber.java.Invoker.doInvoke(Invoker.java:66)\r\n\tat io.cucumber.java.Invoker.invoke(Invoker.java:24)\r\n\tat io.cucumber.java.AbstractGlueDefinition.invokeMethod(AbstractGlueDefinition.java:47)\r\n\tat io.cucumber.java.JavaStepDefinition.execute(JavaStepDefinition.java:29)\r\n\tat io.cucumber.core.runner.CoreStepDefinition.execute(CoreStepDefinition.java:66)\r\n\tat io.cucumber.core.runner.PickleStepDefinitionMatch.runStep(PickleStepDefinitionMatch.java:63)\r\n\tat io.cucumber.core.runner.ExecutionMode$1.execute(ExecutionMode.java:10)\r\n\tat io.cucumber.core.runner.TestStep.executeStep(TestStep.java:86)\r\n\tat io.cucumber.core.runner.TestStep.run(TestStep.java:57)\r\n\tat io.cucumber.core.runner.PickleStepTestStep.run(PickleStepTestStep.java:51)\r\n\tat io.cucumber.core.runner.TestCase.run(TestCase.java:95)\r\n\tat io.cucumber.core.runner.Runner.runPickle(Runner.java:75)\r\n\tat io.cucumber.junit.PickleRunners$NoStepDescriptions.lambda$run$0(PickleRunners.java:151)\r\n\tat io.cucumber.core.runtime.CucumberExecutionContext.lambda$runTestCase$3(CucumberExecutionContext.java:110)\r\n\tat io.cucumber.core.runtime.RethrowingThrowableCollector.executeAndThrow(RethrowingThrowableCollector.java:23)\r\n\tat io.cucumber.core.runtime.CucumberExecutionContext.runTestCase(CucumberExecutionContext.java:110)\r\n\tat io.cucumber.junit.PickleRunners$NoStepDescriptions.run(PickleRunners.java:148)\r\n\tat io.cucumber.junit.FeatureRunner.runChild(FeatureRunner.java:144)\r\n\tat io.cucumber.junit.FeatureRunner.runChild(FeatureRunner.java:28)\r\n\tat org.junit.runners.ParentRunner$3.run(ParentRunner.java:290)\r\n\tat org.junit.runners.ParentRunner$1.schedule(ParentRunner.java:71)\r\n\tat org.junit.runners.ParentRunner.runChildren(ParentRunner.java:288)\r\n\tat org.junit.runners.ParentRunner.access$000(ParentRunner.java:58)\r\n\tat org.junit.runners.ParentRunner$2.evaluate(ParentRunner.java:268)\r\n\tat org.junit.runners.ParentRunner.run(ParentRunner.java:363)\r\n\tat io.cucumber.junit.FeatureRunner.run(FeatureRunner.java:137)\r\n\tat io.cucumber.junit.Cucumber.runChild(Cucumber.java:196)\r\n\tat io.cucumber.junit.Cucumber.runChild(Cucumber.java:89)\r\n\tat org.junit.runners.ParentRunner$3.run(ParentRunner.java:290)\r\n\tat org.junit.runners.ParentRunner$1.schedule(ParentRunner.java:71)\r\n\tat org.junit.runners.ParentRunner.runChildren(ParentRunner.java:288)\r\n\tat org.junit.runners.ParentRunner.access$000(ParentRunner.java:58)\r\n\tat org.junit.runners.ParentRunner$2.evaluate(ParentRunner.java:268)\r\n\tat io.cucumber.junit.Cucumber$RunBeforeAllHooks.evaluate(Cucumber.java:266)\r\n\tat io.cucumber.junit.Cucumber$RunAfterAllHooks.evaluate(Cucumber.java:281)\r\n\tat io.cucumber.junit.Cucumber$StartTestRun.evaluate(Cucumber.java:233)\r\n\tat io.cucumber.junit.Cucumber$FinishTestRun.evaluate(Cucumber.java:248)\r\n\tat org.junit.runners.ParentRunner.run(ParentRunner.java:363)\r\n\tat org.apache.maven.surefire.junit4.JUnit4Provider.execute(JUnit4Provider.java:365)\r\n\tat org.apache.maven.surefire.junit4.JUnit4Provider.executeWithRerun(JUnit4Provider.java:273)\r\n\tat org.apache.maven.surefire.junit4.JUnit4Provider.executeTestSet(JUnit4Provider.java:238)\r\n\tat org.apache.maven.surefire.junit4.JUnit4Provider.invoke(JUnit4Provider.java:159)\r\n\tat org.apache.maven.surefire.booter.ForkedBooter.invokeProviderInSameClassLoader(ForkedBooter.java:384)\r\n\tat org.apache.maven.surefire.booter.ForkedBooter.runSuitesInProcess(ForkedBooter.java:345)\r\n\tat org.apache.maven.surefire.booter.ForkedBooter.execute(ForkedBooter.java:126)\r\n\tat org.apache.maven.surefire.booter.ForkedBooter.main(ForkedBooter.java:418)\r\n"},"stage":"finished","steps":[],"attachments":[],"parameters":[],"start":1644754047816,"stop":1644754047816}],"attachments":[],"parameters":[{"name":"requestName","value":"Current"}],"start":1644754047806,"stop":1644754047816},{"name":"Reset test env","status":"broken","statusDetails":{"known":false,"muted":false,"flaky":false,"message":"Cannot write logs to fileC:\\Users\\Eugen\\Documents\\GitKraken\\weatherstack_tests\\cucumber_weatherstack_tests\\target\\logs\\Send request to current weather by 4 cities-1644754047816.txt","trace":"java.lang.RuntimeException: Cannot write logs to fileC:\\Users\\Eugen\\Documents\\GitKraken\\weatherstack_tests\\cucumber_weatherstack_tests\\target\\logs\\Send request to current weather by 4 cities-1644754047816.txt\r\n\tat lib.methods.any_methods.Logger.getAssertBodiesReportLogs(Logger.java:35)\r\n\tat lib.CoreTestCase.checkLogs(CoreTestCase.java:49)\r\n\tat lib.CoreTestCase.resetAll(CoreTestCase.java:31)\r\n\tat sun.reflect.NativeMethodAccessorImpl.invoke0(Native Method)\r\n\tat sun.reflect.NativeMethodAccessorImpl.invoke(NativeMethodAccessorImpl.java:62)\r\n\tat sun.reflect.DelegatingMethodAccessorImpl.invoke(DelegatingMethodAccessorImpl.java:43)\r\n\tat java.lang.reflect.Method.invoke(Method.java:498)\r\n\tat io.cucumber.java.Invoker.doInvoke(Invoker.java:66)\r\n\tat io.cucumber.java.Invoker.invoke(Invoker.java:24)\r\n\tat io.cucumber.java.AbstractGlueDefinition.invokeMethod(AbstractGlueDefinition.java:47)\r\n\tat io.cucumber.java.JavaHookDefinition.execute(JavaHookDefinition.java:64)\r\n\tat io.cucumber.core.runner.CoreHookDefinition.execute(CoreHookDefinition.java:46)\r\n\tat io.cucumber.core.runner.HookDefinitionMatch.runStep(HookDefinitionMatch.java:21)\r\n\tat io.cucumber.core.runner.ExecutionMode$1.execute(ExecutionMode.java:10)\r\n\tat io.cucumber.core.runner.TestStep.executeStep(TestStep.java:86)\r\n\tat io.cucumber.core.runner.TestStep.run(TestStep.java:57)\r\n\tat io.cucumber.core.runner.TestCase.run(TestCase.java:101)\r\n\tat io.cucumber.core.runner.Runner.runPickle(Runner.java:75)\r\n\tat io.cucumber.junit.PickleRunners$NoStepDescriptions.lambda$run$0(PickleRunners.java:151)\r\n\tat io.cucumber.core.runtime.CucumberExecutionContext.lambda$runTestCase$3(CucumberExecutionContext.java:110)\r\n\tat io.cucumber.core.runtime.RethrowingThrowableCollector.executeAndThrow(RethrowingThrowableCollector.java:23)\r\n\tat io.cucumber.core.runtime.CucumberExecutionContext.runTestCase(CucumberExecutionContext.java:110)\r\n\tat io.cucumber.junit.PickleRunners$NoStepDescriptions.run(PickleRunners.java:148)\r\n\tat io.cucumber.junit.FeatureRunner.runChild(FeatureRunner.java:144)\r\n\tat io.cucumber.junit.FeatureRunner.runChild(FeatureRunner.java:28)\r\n\tat org.junit.runners.ParentRunner$3.run(ParentRunner.java:290)\r\n\tat org.junit.runners.ParentRunner$1.schedule(ParentRunner.java:71)\r\n\tat org.junit.runners.ParentRunner.runChildren(ParentRunner.java:288)\r\n\tat org.junit.runners.ParentRunner.access$000(ParentRunner.java:58)\r\n\tat org.junit.runners.ParentRunner$2.evaluate(ParentRunner.java:268)\r\n\tat org.junit.runners.ParentRunner.run(ParentRunner.java:363)\r\n\tat io.cucumber.junit.FeatureRunner.run(FeatureRunner.java:137)\r\n\tat io.cucumber.junit.Cucumber.runChild(Cucumber.java:196)\r\n\tat io.cucumber.junit.Cucumber.runChild(Cucumber.java:89)\r\n\tat org.junit.runners.ParentRunner$3.run(ParentRunner.java:290)\r\n\tat org.junit.runners.ParentRunner$1.schedule(ParentRunner.java:71)\r\n\tat org.junit.runners.ParentRunner.runChildren(ParentRunner.java:288)\r\n\tat org.junit.runners.ParentRunner.access$000(ParentRunner.java:58)\r\n\tat org.junit.runners.ParentRunner$2.evaluate(ParentRunner.java:268)\r\n\tat io.cucumber.junit.Cucumber$RunBeforeAllHooks.evaluate(Cucumber.java:266)\r\n\tat io.cucumber.junit.Cucumber$RunAfterAllHooks.evaluate(Cucumber.java:281)\r\n\tat io.cucumber.junit.Cucumber$StartTestRun.evaluate(Cucumber.java:233)\r\n\tat io.cucumber.junit.Cucumber$FinishTestRun.evaluate(Cucumber.java:248)\r\n\tat org.junit.runners.ParentRunner.run(ParentRunner.java:363)\r\n\tat org.apache.maven.surefire.junit4.JUnit4Provider.execute(JUnit4Provider.java:365)\r\n\tat org.apache.maven.surefire.junit4.JUnit4Provider.executeWithRerun(JUnit4Provider.java:273)\r\n\tat org.apache.maven.surefire.junit4.JUnit4Provider.executeTestSet(JUnit4Provider.java:238)\r\n\tat org.apache.maven.surefire.junit4.JUnit4Provider.invoke(JUnit4Provider.java:159)\r\n\tat org.apache.maven.surefire.booter.ForkedBooter.invokeProviderInSameClassLoader(ForkedBooter.java:384)\r\n\tat org.apache.maven.surefire.booter.ForkedBooter.runSuitesInProcess(ForkedBooter.java:345)\r\n\tat org.apache.maven.surefire.booter.ForkedBooter.execute(ForkedBooter.java:126)\r\n\tat org.apache.maven.surefire.booter.ForkedBooter.main(ForkedBooter.java:418)\r\n"},"stage":"finished","steps":[{"name":"Check logs for errors after test-run","status":"broken","statusDetails":{"known":false,"muted":false,"flaky":false,"message":"Cannot write logs to fileC:\\Users\\Eugen\\Documents\\GitKraken\\weatherstack_tests\\cucumber_weatherstack_tests\\target\\logs\\Send request to current weather by 4 cities-1644754047816.txt","trace":"java.lang.RuntimeException: Cannot write logs to fileC:\\Users\\Eugen\\Documents\\GitKraken\\weatherstack_tests\\cucumber_weatherstack_tests\\target\\logs\\Send request to current weather by 4 cities-1644754047816.txt\r\n\tat lib.methods.any_methods.Logger.getAssertBodiesReportLogs(Logger.java:35)\r\n\tat lib.CoreTestCase.checkLogs(CoreTestCase.java:49)\r\n\tat lib.CoreTestCase.resetAll(CoreTestCase.java:31)\r\n\tat sun.reflect.NativeMethodAccessorImpl.invoke0(Native Method)\r\n\tat sun.reflect.NativeMethodAccessorImpl.invoke(NativeMethodAccessorImpl.java:62)\r\n\tat sun.reflect.DelegatingMethodAccessorImpl.invoke(DelegatingMethodAccessorImpl.java:43)\r\n\tat java.lang.reflect.Method.invoke(Method.java:498)\r\n\tat io.cucumber.java.Invoker.doInvoke(Invoker.java:66)\r\n\tat io.cucumber.java.Invoker.invoke(Invoker.java:24)\r\n\tat io.cucumber.java.AbstractGlueDefinition.invokeMethod(AbstractGlueDefinition.java:47)\r\n\tat io.cucumber.java.JavaHookDefinition.execute(JavaHookDefinition.java:64)\r\n\tat io.cucumber.core.runner.CoreHookDefinition.execute(CoreHookDefinition.java:46)\r\n\tat io.cucumber.core.runner.HookDefinitionMatch.runStep(HookDefinitionMatch.java:21)\r\n\tat io.cucumber.core.runner.ExecutionMode$1.execute(ExecutionMode.java:10)\r\n\tat io.cucumber.core.runner.TestStep.executeStep(TestStep.java:86)\r\n\tat io.cucumber.core.runner.TestStep.run(TestStep.java:57)\r\n\tat io.cucumber.core.runner.TestCase.run(TestCase.java:101)\r\n\tat io.cucumber.core.runner.Runner.runPickle(Runner.java:75)\r\n\tat io.cucumber.junit.PickleRunners$NoStepDescriptions.lambda$run$0(PickleRunners.java:151)\r\n\tat io.cucumber.core.runtime.CucumberExecutionContext.lambda$runTestCase$3(CucumberExecutionContext.java:110)\r\n\tat io.cucumber.core.runtime.RethrowingThrowableCollector.executeAndThrow(RethrowingThrowableCollector.java:23)\r\n\tat io.cucumber.core.runtime.CucumberExecutionContext.runTestCase(CucumberExecutionContext.java:110)\r\n\tat io.cucumber.junit.PickleRunners$NoStepDescriptions.run(PickleRunners.java:148)\r\n\tat io.cucumber.junit.FeatureRunner.runChild(FeatureRunner.java:144)\r\n\tat io.cucumber.junit.FeatureRunner.runChild(FeatureRunner.java:28)\r\n\tat org.junit.runners.ParentRunner$3.run(ParentRunner.java:290)\r\n\tat org.junit.runners.ParentRunner$1.schedule(ParentRunner.java:71)\r\n\tat org.junit.runners.ParentRunner.runChildren(ParentRunner.java:288)\r\n\tat org.junit.runners.ParentRunner.access$000(ParentRunner.java:58)\r\n\tat org.junit.runners.ParentRunner$2.evaluate(ParentRunner.java:268)\r\n\tat org.junit.runners.ParentRunner.run(ParentRunner.java:363)\r\n\tat io.cucumber.junit.FeatureRunner.run(FeatureRunner.java:137)\r\n\tat io.cucumber.junit.Cucumber.runChild(Cucumber.java:196)\r\n\tat io.cucumber.junit.Cucumber.runChild(Cucumber.java:89)\r\n\tat org.junit.runners.ParentRunner$3.run(ParentRunner.java:290)\r\n\tat org.junit.runners.ParentRunner$1.schedule(ParentRunner.java:71)\r\n\tat org.junit.runners.ParentRunner.runChildren(ParentRunner.java:288)\r\n\tat org.junit.runners.ParentRunner.access$000(ParentRunner.java:58)\r\n\tat org.junit.runners.ParentRunner$2.evaluate(ParentRunner.java:268)\r\n\tat io.cucumber.junit.Cucumber$RunBeforeAllHooks.evaluate(Cucumber.java:266)\r\n\tat io.cucumber.junit.Cucumber$RunAfterAllHooks.evaluate(Cucumber.java:281)\r\n\tat io.cucumber.junit.Cucumber$StartTestRun.evaluate(Cucumber.java:233)\r\n\tat io.cucumber.junit.Cucumber$FinishTestRun.evaluate(Cucumber.java:248)\r\n\tat org.junit.runners.ParentRunner.run(ParentRunner.java:363)\r\n\tat org.apache.maven.surefire.junit4.JUnit4Provider.execute(JUnit4Provider.java:365)\r\n\tat org.apache.maven.surefire.junit4.JUnit4Provider.executeWithRerun(JUnit4Provider.java:273)\r\n\tat org.apache.maven.surefire.junit4.JUnit4Provider.executeTestSet(JUnit4Provider.java:238)\r\n\tat org.apache.maven.surefire.junit4.JUnit4Provider.invoke(JUnit4Provider.java:159)\r\n\tat org.apache.maven.surefire.booter.ForkedBooter.invokeProviderInSameClassLoader(ForkedBooter.java:384)\r\n\tat org.apache.maven.surefire.booter.ForkedBooter.runSuitesInProcess(ForkedBooter.java:345)\r\n\tat org.apache.maven.surefire.booter.ForkedBooter.execute(ForkedBooter.java:126)\r\n\tat org.apache.maven.surefire.booter.ForkedBooter.main(ForkedBooter.java:418)\r\n"},"stage":"finished","steps":[],"attachments":[],"parameters":[],"start":1644754047816,"stop":1644754047816}],"attachments":[],"parameters":[],"start":1644754047816,"stop":1644754047816}],"attachments":[],"parameters":[],"start":1644754046124,"stop":1644754047826,"uuid":"c3b44836-77b9-4ffc-853d-8798e0be9694","historyId":"baf1b2f5595ec663606c4943299e9e87","fullName":"Positive Tests.Send request to current weather by 4 cities","labels":[{"name":"package","value":""},{"name":"testClass","value":"Positive Tests"},{"name":"testMethod","value":"Send request to current weather by 4 cities"},{"name":"suite","value":"Positive Tests"},{"name":"host","value":"NB_"},{"name":"thread","value":"1008@NB_.main(1)"},{"name":"framework","value":"junit4"},{"name":"language","value":"java"}],"links":[]}