{"name":"Get 615 error","status":"failed","statusDetails":{"known":false,"muted":false,"flaky":false,"message":"After the test run, there were discrepancies in the values.\nTest failed. Additional information is available in the logs.","trace":"java.lang.AssertionError: After the test run, there were discrepancies in the values.\nTest failed. Additional information is available in the logs.\r\n\tat lib.CoreTestCase.checkLogs(CoreTestCase.java:51)\r\n\tat lib.CoreTestCase.resetAll(CoreTestCase.java:31)\r\n"},"stage":"finished","steps":[{"name":"Set up test env","status":"passed","stage":"finished","steps":[{"name":"Set base URI for tests","status":"passed","stage":"finished","steps":[],"attachments":[],"parameters":[],"start":1644754130226,"stop":1644754130226}],"attachments":[],"parameters":[{"name":"scenario","value":"io.cucumber.java.Scenario@299dd381"}],"start":1644754130226,"stop":1644754130226},{"name":"Get auth token from system ENV","status":"passed","stage":"finished","steps":[],"attachments":[],"parameters":[],"start":1644754130226,"stop":1644754130226},{"name":"Set request path: 'current'","status":"passed","stage":"finished","steps":[],"attachments":[],"parameters":[{"name":"requestPath","value":"current"}],"start":1644754130226,"stop":1644754130226},{"name":"Set query param","status":"passed","stage":"finished","steps":[],"attachments":[],"parameters":[{"name":"cityName","value":"[qwerty]"}],"start":1644754130233,"stop":1644754130233},{"name":"Set auth query param to request","status":"passed","stage":"finished","steps":[],"attachments":[],"parameters":[],"start":1644754130233,"stop":1644754130236},{"name":"Send GET request","status":"passed","stage":"finished","steps":[],"attachments":[],"parameters":[],"start":1644754130236,"stop":1644754130766},{"name":"Processing response bodies by type: 'Error'","status":"passed","stage":"finished","steps":[{"name":"Select class to parse by type","status":"passed","stage":"finished","steps":[],"attachments":[],"parameters":[],"start":1644754130766,"stop":1644754130766},{"name":"Parse response bodies to POJO","status":"passed","stage":"finished","steps":[],"attachments":[],"parameters":[],"start":1644754130766,"stop":1644754130766}],"attachments":[],"parameters":[{"name":"requestName","value":"Error"}],"start":1644754130766,"stop":1644754130766},{"name":"Create expected models by names","status":"passed","stage":"finished","steps":[{"name":"Create expected errors models","status":"passed","stage":"finished","steps":[],"attachments":[],"parameters":[],"start":1644754130766,"stop":1644754130766}],"attachments":[],"parameters":[{"name":"modelsNames","value":"[code_615]"}],"start":1644754130766,"stop":1644754130766},{"name":"Compare expected and actual results","status":"passed","stage":"finished","steps":[{"name":"Compare bodies fields","status":"passed","stage":"finished","steps":[],"attachments":[],"parameters":[],"start":1644754130766,"stop":1644754130776}],"attachments":[],"parameters":[],"start":1644754130766,"stop":1644754130776},{"name":"Reset test env","status":"failed","statusDetails":{"known":false,"muted":false,"flaky":false,"message":"After the test run, there were discrepancies in the values.\nTest failed. Additional information is available in the logs.","trace":"java.lang.AssertionError: After the test run, there were discrepancies in the values.\nTest failed. Additional information is available in the logs.\r\n\tat lib.CoreTestCase.checkLogs(CoreTestCase.java:51)\r\n\tat lib.CoreTestCase.resetAll(CoreTestCase.java:31)\r\n\tat sun.reflect.NativeMethodAccessorImpl.invoke0(Native Method)\r\n\tat sun.reflect.NativeMethodAccessorImpl.invoke(NativeMethodAccessorImpl.java:62)\r\n\tat sun.reflect.DelegatingMethodAccessorImpl.invoke(DelegatingMethodAccessorImpl.java:43)\r\n\tat java.lang.reflect.Method.invoke(Method.java:498)\r\n\tat io.cucumber.java.Invoker.doInvoke(Invoker.java:66)\r\n\tat io.cucumber.java.Invoker.invoke(Invoker.java:24)\r\n\tat io.cucumber.java.AbstractGlueDefinition.invokeMethod(AbstractGlueDefinition.java:47)\r\n\tat io.cucumber.java.JavaHookDefinition.execute(JavaHookDefinition.java:64)\r\n\tat io.cucumber.core.runner.CoreHookDefinition.execute(CoreHookDefinition.java:46)\r\n\tat io.cucumber.core.runner.HookDefinitionMatch.runStep(HookDefinitionMatch.java:21)\r\n\tat io.cucumber.core.runner.ExecutionMode$1.execute(ExecutionMode.java:10)\r\n\tat io.cucumber.core.runner.TestStep.executeStep(TestStep.java:86)\r\n\tat io.cucumber.core.runner.TestStep.run(TestStep.java:57)\r\n\tat io.cucumber.core.runner.TestCase.run(TestCase.java:101)\r\n\tat io.cucumber.core.runner.Runner.runPickle(Runner.java:75)\r\n\tat io.cucumber.junit.PickleRunners$NoStepDescriptions.lambda$run$0(PickleRunners.java:151)\r\n\tat io.cucumber.core.runtime.CucumberExecutionContext.lambda$runTestCase$3(CucumberExecutionContext.java:110)\r\n\tat io.cucumber.core.runtime.RethrowingThrowableCollector.executeAndThrow(RethrowingThrowableCollector.java:23)\r\n\tat io.cucumber.core.runtime.CucumberExecutionContext.runTestCase(CucumberExecutionContext.java:110)\r\n\tat io.cucumber.junit.PickleRunners$NoStepDescriptions.run(PickleRunners.java:148)\r\n\tat io.cucumber.junit.FeatureRunner.runChild(FeatureRunner.java:144)\r\n\tat io.cucumber.junit.FeatureRunner.runChild(FeatureRunner.java:28)\r\n\tat org.junit.runners.ParentRunner$3.run(ParentRunner.java:290)\r\n\tat org.junit.runners.ParentRunner$1.schedule(ParentRunner.java:71)\r\n\tat org.junit.runners.ParentRunner.runChildren(ParentRunner.java:288)\r\n\tat org.junit.runners.ParentRunner.access$000(ParentRunner.java:58)\r\n\tat org.junit.runners.ParentRunner$2.evaluate(ParentRunner.java:268)\r\n\tat org.junit.runners.ParentRunner.run(ParentRunner.java:363)\r\n\tat io.cucumber.junit.FeatureRunner.run(FeatureRunner.java:137)\r\n\tat io.cucumber.junit.Cucumber.runChild(Cucumber.java:196)\r\n\tat io.cucumber.junit.Cucumber.runChild(Cucumber.java:89)\r\n\tat org.junit.runners.ParentRunner$3.run(ParentRunner.java:290)\r\n\tat org.junit.runners.ParentRunner$1.schedule(ParentRunner.java:71)\r\n\tat org.junit.runners.ParentRunner.runChildren(ParentRunner.java:288)\r\n\tat org.junit.runners.ParentRunner.access$000(ParentRunner.java:58)\r\n\tat org.junit.runners.ParentRunner$2.evaluate(ParentRunner.java:268)\r\n\tat io.cucumber.junit.Cucumber$RunBeforeAllHooks.evaluate(Cucumber.java:266)\r\n\tat io.cucumber.junit.Cucumber$RunAfterAllHooks.evaluate(Cucumber.java:281)\r\n\tat io.cucumber.junit.Cucumber$StartTestRun.evaluate(Cucumber.java:233)\r\n\tat io.cucumber.junit.Cucumber$FinishTestRun.evaluate(Cucumber.java:248)\r\n\tat org.junit.runners.ParentRunner.run(ParentRunner.java:363)\r\n\tat org.apache.maven.surefire.junit4.JUnit4Provider.execute(JUnit4Provider.java:365)\r\n\tat org.apache.maven.surefire.junit4.JUnit4Provider.executeWithRerun(JUnit4Provider.java:273)\r\n\tat org.apache.maven.surefire.junit4.JUnit4Provider.executeTestSet(JUnit4Provider.java:238)\r\n\tat org.apache.maven.surefire.junit4.JUnit4Provider.invoke(JUnit4Provider.java:159)\r\n\tat org.apache.maven.surefire.booter.ForkedBooter.invokeProviderInSameClassLoader(ForkedBooter.java:384)\r\n\tat org.apache.maven.surefire.booter.ForkedBooter.runSuitesInProcess(ForkedBooter.java:345)\r\n\tat org.apache.maven.surefire.booter.ForkedBooter.execute(ForkedBooter.java:126)\r\n\tat org.apache.maven.surefire.booter.ForkedBooter.main(ForkedBooter.java:418)\r\n"},"stage":"finished","steps":[{"name":"Check logs for errors after test-run","status":"failed","statusDetails":{"known":false,"muted":false,"flaky":false,"message":"After the test run, there were discrepancies in the values.\nTest failed. Additional information is available in the logs.","trace":"java.lang.AssertionError: After the test run, there were discrepancies in the values.\nTest failed. Additional information is available in the logs.\r\n\tat lib.CoreTestCase.checkLogs(CoreTestCase.java:51)\r\n\tat lib.CoreTestCase.resetAll(CoreTestCase.java:31)\r\n\tat sun.reflect.NativeMethodAccessorImpl.invoke0(Native Method)\r\n\tat sun.reflect.NativeMethodAccessorImpl.invoke(NativeMethodAccessorImpl.java:62)\r\n\tat sun.reflect.DelegatingMethodAccessorImpl.invoke(DelegatingMethodAccessorImpl.java:43)\r\n\tat java.lang.reflect.Method.invoke(Method.java:498)\r\n\tat io.cucumber.java.Invoker.doInvoke(Invoker.java:66)\r\n\tat io.cucumber.java.Invoker.invoke(Invoker.java:24)\r\n\tat io.cucumber.java.AbstractGlueDefinition.invokeMethod(AbstractGlueDefinition.java:47)\r\n\tat io.cucumber.java.JavaHookDefinition.execute(JavaHookDefinition.java:64)\r\n\tat io.cucumber.core.runner.CoreHookDefinition.execute(CoreHookDefinition.java:46)\r\n\tat io.cucumber.core.runner.HookDefinitionMatch.runStep(HookDefinitionMatch.java:21)\r\n\tat io.cucumber.core.runner.ExecutionMode$1.execute(ExecutionMode.java:10)\r\n\tat io.cucumber.core.runner.TestStep.executeStep(TestStep.java:86)\r\n\tat io.cucumber.core.runner.TestStep.run(TestStep.java:57)\r\n\tat io.cucumber.core.runner.TestCase.run(TestCase.java:101)\r\n\tat io.cucumber.core.runner.Runner.runPickle(Runner.java:75)\r\n\tat io.cucumber.junit.PickleRunners$NoStepDescriptions.lambda$run$0(PickleRunners.java:151)\r\n\tat io.cucumber.core.runtime.CucumberExecutionContext.lambda$runTestCase$3(CucumberExecutionContext.java:110)\r\n\tat io.cucumber.core.runtime.RethrowingThrowableCollector.executeAndThrow(RethrowingThrowableCollector.java:23)\r\n\tat io.cucumber.core.runtime.CucumberExecutionContext.runTestCase(CucumberExecutionContext.java:110)\r\n\tat io.cucumber.junit.PickleRunners$NoStepDescriptions.run(PickleRunners.java:148)\r\n\tat io.cucumber.junit.FeatureRunner.runChild(FeatureRunner.java:144)\r\n\tat io.cucumber.junit.FeatureRunner.runChild(FeatureRunner.java:28)\r\n\tat org.junit.runners.ParentRunner$3.run(ParentRunner.java:290)\r\n\tat org.junit.runners.ParentRunner$1.schedule(ParentRunner.java:71)\r\n\tat org.junit.runners.ParentRunner.runChildren(ParentRunner.java:288)\r\n\tat org.junit.runners.ParentRunner.access$000(ParentRunner.java:58)\r\n\tat org.junit.runners.ParentRunner$2.evaluate(ParentRunner.java:268)\r\n\tat org.junit.runners.ParentRunner.run(ParentRunner.java:363)\r\n\tat io.cucumber.junit.FeatureRunner.run(FeatureRunner.java:137)\r\n\tat io.cucumber.junit.Cucumber.runChild(Cucumber.java:196)\r\n\tat io.cucumber.junit.Cucumber.runChild(Cucumber.java:89)\r\n\tat org.junit.runners.ParentRunner$3.run(ParentRunner.java:290)\r\n\tat org.junit.runners.ParentRunner$1.schedule(ParentRunner.java:71)\r\n\tat org.junit.runners.ParentRunner.runChildren(ParentRunner.java:288)\r\n\tat org.junit.runners.ParentRunner.access$000(ParentRunner.java:58)\r\n\tat org.junit.runners.ParentRunner$2.evaluate(ParentRunner.java:268)\r\n\tat io.cucumber.junit.Cucumber$RunBeforeAllHooks.evaluate(Cucumber.java:266)\r\n\tat io.cucumber.junit.Cucumber$RunAfterAllHooks.evaluate(Cucumber.java:281)\r\n\tat io.cucumber.junit.Cucumber$StartTestRun.evaluate(Cucumber.java:233)\r\n\tat io.cucumber.junit.Cucumber$FinishTestRun.evaluate(Cucumber.java:248)\r\n\tat org.junit.runners.ParentRunner.run(ParentRunner.java:363)\r\n\tat org.apache.maven.surefire.junit4.JUnit4Provider.execute(JUnit4Provider.java:365)\r\n\tat org.apache.maven.surefire.junit4.JUnit4Provider.executeWithRerun(JUnit4Provider.java:273)\r\n\tat org.apache.maven.surefire.junit4.JUnit4Provider.executeTestSet(JUnit4Provider.java:238)\r\n\tat org.apache.maven.surefire.junit4.JUnit4Provider.invoke(JUnit4Provider.java:159)\r\n\tat org.apache.maven.surefire.booter.ForkedBooter.invokeProviderInSameClassLoader(ForkedBooter.java:384)\r\n\tat org.apache.maven.surefire.booter.ForkedBooter.runSuitesInProcess(ForkedBooter.java:345)\r\n\tat org.apache.maven.surefire.booter.ForkedBooter.execute(ForkedBooter.java:126)\r\n\tat org.apache.maven.surefire.booter.ForkedBooter.main(ForkedBooter.java:418)\r\n"},"stage":"finished","steps":[],"attachments":[{"name":"Assert bodies logs","source":"b45bb53f-339e-4717-9161-b0bfa2ea0927-attachment","type":"text/plain"}],"parameters":[],"start":1644754130776,"stop":1644754130816}],"attachments":[],"parameters":[],"start":1644754130776,"stop":1644754130816}],"attachments":[],"parameters":[],"start":1644754130206,"stop":1644754130816,"uuid":"dc8d5cf6-5dd7-49a7-9ce1-0f9934e3f134","historyId":"97cf10fa23f8d58d62a8cf900975f290","fullName":"Negative Tests.Get 615 error","labels":[{"name":"package","value":""},{"name":"testClass","value":"Negative Tests"},{"name":"testMethod","value":"Get 615 error"},{"name":"suite","value":"Negative Tests"},{"name":"host","value":"NB_"},{"name":"thread","value":"20728@NB_.main(1)"},{"name":"framework","value":"junit4"},{"name":"language","value":"java"}],"links":[]}